SF:lib/core/errors/exceptions.dart
DA:3,1
DA:4,0
DA:5,0
DA:10,0
DA:11,0
DA:12,0
DA:17,9
DA:18,0
DA:19,0
DA:24,0
DA:25,0
DA:26,0
DA:32,1
DA:34,0
DA:35,0
LF:15
LH:3
end_of_record
SF:lib/features/auth/data/models/user_model.dart
DA:5,1
DA:15,1
DA:16,1
DA:17,1
DA:18,1
DA:22,1
DA:32,1
DA:33,1
DA:34,1
DA:35,0
DA:36,0
DA:37,0
DA:38,0
DA:39,0
DA:43,0
DA:44,0
DA:45,0
DA:46,0
DA:47,0
DA:48,0
DA:49,0
DA:50,0
DA:51,0
LF:23
LH:9
end_of_record
SF:lib/features/auth/data/datasources/auth_datasource.dart
DA:17,1
DA:19,1
DA:23,2
DA:28,6
DA:29,1
DA:30,3
DA:31,2
DA:32,2
DA:33,2
DA:34,2
DA:35,3
DA:39,1
DA:40,4
DA:43,2
DA:45,2
DA:48,0
DA:49,0
DA:51,3
DA:55,1
DA:58,2
DA:59,1
DA:60,1
DA:61,1
DA:63,3
DA:67,1
DA:69,2
DA:71,5
DA:72,1
DA:73,2
DA:74,2
DA:75,2
DA:76,2
DA:77,2
DA:78,3
LF:34
LH:32
end_of_record
SF:lib/features/auth/domain/entities/user_entity.dart
DA:12,5
DA:22,1
DA:24,8
DA:26,0
DA:35,0
DA:36,0
DA:37,0
DA:38,0
DA:39,0
DA:40,0
DA:41,0
DA:42,0
LF:12
LH:3
end_of_record
SF:lib/core/errors/failures.dart
DA:6,13
DA:8,1
DA:9,3
DA:13,3
DA:17,6
DA:21,3
DA:25,3
DA:29,0
DA:33,0
DA:37,2
LF:10
LH:8
end_of_record
SF:lib/core/network/network_info.dart
DA:10,0
DA:12,0
DA:13,0
LF:3
LH:0
end_of_record
SF:lib/features/auth/data/repositories/auth_repository_impl.dart
DA:13,1
DA:18,1
DA:20,2
DA:21,1
DA:24,1
DA:27,2
DA:29,2
DA:33,1
DA:34,1
DA:35,3
DA:36,1
DA:37,3
DA:38,1
DA:39,3
DA:41,2
DA:42,2
DA:50,1
DA:52,2
DA:54,2
DA:56,1
DA:57,3
DA:58,1
DA:59,3
DA:61,2
DA:62,2
LF:25
LH:25
end_of_record
SF:lib/core/usecases/usecase.dart
DA:10,0
DA:11,0
LF:2
LH:0
end_of_record
SF:lib/features/auth/domain/usecases/logout_usecase.dart
DA:9,1
DA:11,1
DA:13,2
LF:3
LH:3
end_of_record
SF:lib/features/auth/domain/usecases/get_user_usecase.dart
DA:10,1
DA:12,1
DA:14,2
LF:3
LH:3
end_of_record
SF:lib/features/auth/domain/usecases/login_usecase.dart
DA:11,1
DA:13,1
DA:15,2
DA:16,1
DA:17,1
DA:26,3
DA:31,0
DA:32,0
LF:8
LH:6
end_of_record
SF:lib/features/auth/presentation/bloc/auth_state.dart
DA:4,1
DA:5,1
DA:15,1
DA:16,1
DA:17,2
DA:23,1
DA:24,1
DA:25,2
DA:35,1
DA:36,1
DA:37,2
LF:11
LH:11
end_of_record
SF:lib/features/auth/presentation/bloc/auth_event.dart
DA:11,1
LF:1
LH:1
end_of_record
SF:lib/features/auth/presentation/bloc/auth_bloc.dart
DA:17,1
DA:21,2
DA:22,2
DA:23,2
DA:24,2
DA:25,2
DA:30,1
DA:32,1
DA:33,3
DA:34,1
DA:35,4
DA:36,1
DA:38,1
DA:39,2
DA:41,2
DA:47,1
DA:49,2
DA:50,3
DA:51,1
DA:52,1
DA:54,1
DA:55,4
DA:56,1
DA:57,1
DA:58,2
DA:63,1
DA:64,2
DA:65,3
DA:66,1
DA:67,4
DA:68,3
LF:31
LH:31
end_of_record
SF:lib/features/posts/domain/entities/post_entity.dart
DA:7,1
LF:1
LH:1
end_of_record
SF:lib/features/posts/presentation/bloc/post_state.dart
DA:4,1
DA:5,1
DA:13,1
DA:15,1
DA:16,2
DA:23,1
DA:25,1
DA:26,3
DA:32,1
DA:34,1
DA:35,2
LF:11
LH:11
end_of_record
SF:lib/features/posts/presentation/bloc/post_event.dart
DA:4,2
DA:6,0
DA:7,0
DA:14,1
DA:15,0
DA:16,0
LF:6
LH:2
end_of_record
SF:lib/features/posts/presentation/bloc/post_bloc.dart
DA:20,0
DA:21,0
DA:22,0
DA:23,0
DA:25,0
DA:28,1
DA:29,2
DA:30,2
DA:31,2
DA:32,2
DA:33,2
DA:34,2
DA:37,1
DA:39,2
DA:40,1
DA:41,1
DA:42,3
DA:43,1
DA:46,1
DA:47,4
DA:48,1
DA:49,2
DA:50,4
DA:55,1
DA:57,3
DA:62,4
DA:63,2
DA:65,2
DA:66,1
DA:67,2
DA:68,4
DA:71,1
DA:72,4
DA:73,1
DA:74,3
DA:75,1
DA:77,2
DA:78,4
DA:83,1
DA:85,3
DA:86,1
DA:87,4
DA:88,0
LF:43
LH:37
end_of_record
SF:lib/features/posts/domain/usecases/get_posts_usecase.dart
DA:11,0
DA:13,0
DA:15,0
DA:22,2
DA:26,0
DA:27,0
LF:6
LH:1
end_of_record
SF:lib/features/posts/domain/entities/post_author_entity.dart
DA:6,2
LF:1
LH:1
end_of_record
SF:lib/features/posts/domain/usecases/get_posts_authors_usecase.dart
DA:11,0
DA:13,0
DA:15,0
LF:3
LH:0
end_of_record
